<?xml version="1.0" encoding="UTF-8"?>
<testng-results ignored="0" total="1" passed="1" failed="0" skipped="0">
  <reporter-output>
  </reporter-output>
  <suite started-at="2021-06-22T14:19:40 IST" name="Default suite" finished-at="2021-06-22T14:19:56 IST" duration-ms="16471">
    <groups>
    </groups>
    <test started-at="2021-06-22T14:19:40 IST" name="Default test" finished-at="2021-06-22T14:19:56 IST" duration-ms="16471">
      <class name="TestComponent.NewTest">
        <test-method is-config="true" signature="beforeSuite()[pri:0, instance:TestComponent.NewTest@1f3f4916]" started-at="2021-06-22T14:19:37 IST" name="beforeSuite" finished-at="2021-06-22T14:19:40 IST" duration-ms="3101" status="PASS">
          <reporter-output>
          </reporter-output>
        </test-method> <!-- beforeSuite -->
        <test-method signature="Validationforsignup()[pri:0, instance:TestComponent.NewTest@1f3f4916]" started-at="2021-06-22T14:19:40 IST" name="Validationforsignup" finished-at="2021-06-22T14:19:56 IST" duration-ms="16402" status="PASS">
          <reporter-output>
          </reporter-output>
        </test-method> <!-- Validationforsignup -->
        <test-method is-config="true" signature="afterSuite()[pri:0, instance:TestComponent.NewTest@1f3f4916]" started-at="2021-06-22T14:19:56 IST" name="afterSuite" finished-at="2021-06-22T14:19:58 IST" duration-ms="1395" status="PASS">
          <reporter-output>
          </reporter-output>
        </test-method> <!-- afterSuite -->
      </class> <!-- TestComponent.NewTest -->
    </test> <!-- Default test -->
  </suite> <!-- Default suite -->
</testng-results>
